# JRE version: OpenJDK Runtime Environment Temurin-21.0.8+9 (21.0.8+9) (build 21.0.8+9-LTS)
# Java VM: OpenJDK 64-Bit Server VM Temurin-21.0.8+9 (21.0.8+9-LTS, mixed mode, sharing, tiered, compressed oops, compressed class ptrs, parallel gc, windows-amd64)
GC Precious Log:
 CardTable entry size: 512
 CPUs: 8 total, 8 available
 Memory: 16221M
 Large Page Support: Disabled
 NUMA Support: Disabled
 Compressed Oops: Enabled (32-bit)
 Alignments: Space 512K, Generation 512K, Heap 2M
 Heap Min Capacity: 100M
 Heap Initial Capacity: 100M
 Heap Max Capacity: 2G
 Pre-touch: Disabled
 Parallel Workers: 8
Heap:
 PSYoungGen      total 3584K, used 1307K [0x00000000d5580000, 0x00000000d5a80000, 0x0000000100000000)
  eden space 3072K, 27% used [0x00000000d5580000,0x00000000d5656db0,0x00000000d5880000)
  from space 512K, 87% used [0x00000000d5880000,0x00000000d58f0000,0x00000000d5900000)
  to   space 512K, 0% used [0x00000000d5a00000,0x00000000d5a00000,0x00000000d5a80000)
 ParOldGen       total 491520K, used 491073K [0x0000000080000000, 0x000000009e000000, 0x00000000d5580000)
  object space 491520K, 99% used [0x0000000080000000,0x000000009df90788,0x000000009e000000)
 Metaspace       used 69819K, committed 71296K, reserved 1114112K
  class space    used 7479K, committed 8128K, reserved 1048576K
GC Heap History (20 events):
Event: 19.409 GC heap after
{Heap after GC invocations=542 (full 3):
 PSYoungGen      total 3584K, used 448K [0x00000000d5580000, 0x00000000d5980000, 0x0000000100000000)
  eden space 2560K, 0% used [0x00000000d5580000,0x00000000d5580000,0x00000000d5800000)
  from space 1024K, 43% used [0x00000000d5800000,0x00000000d5870000,0x00000000d5900000)
  to   space 512K, 0% used [0x00000000d5900000,0x00000000d5900000,0x00000000d5980000)
 ParOldGen       total 485888K, used 485473K [0x0000000080000000, 0x000000009da80000, 0x00000000d5580000)
  object space 485888K, 99% used [0x0000000080000000,0x000000009da18658,0x000000009da80000)
 Metaspace       used 69818K, committed 71296K, reserved 1114112K
  class space    used 7479K, committed 8128K, reserved 1048576K
}
Event: 19.417 GC heap before
{Heap before GC invocations=543 (full 3):
 PSYoungGen      total 3584K, used 3008K [0x00000000d5580000, 0x00000000d5980000, 0x0000000100000000)
  eden space 2560K, 100% used [0x00000000d5580000,0x00000000d5800000,0x00000000d5800000)
  from space 1024K, 43% used [0x00000000d5800000,0x00000000d5870000,0x00000000d5900000)
  to   space 512K, 0% used [0x00000000d5900000,0x00000000d5900000,0x00000000d5980000)
 ParOldGen       total 485888K, used 485473K [0x0000000080000000, 0x000000009da80000, 0x00000000d5580000)
  object space 485888K, 99% used [0x0000000080000000,0x000000009da18658,0x000000009da80000)
 Metaspace       used 69818K, committed 71296K, reserved 1114112K
  class space    used 7479K, committed 8128K, reserved 1048576K
}
Event: 19.418 GC heap after
{Heap after GC invocations=543 (full 3):
 PSYoungGen      total 3072K, used 448K [0x00000000d5580000, 0x00000000d5980000, 0x0000000100000000)
  eden space 2560K, 0% used [0x00000000d5580000,0x00000000d5580000,0x00000000d5800000)
  from space 512K, 87% used [0x00000000d5900000,0x00000000d5970000,0x00000000d5980000)
  to   space 512K, 0% used [0x00000000d5880000,0x00000000d5880000,0x00000000d5900000)
 ParOldGen       total 485888K, used 485817K [0x0000000080000000, 0x000000009da80000, 0x00000000d5580000)
  object space 485888K, 99% used [0x0000000080000000,0x000000009da6e658,0x000000009da80000)
 Metaspace       used 69818K, committed 71296K, reserved 1114112K
  class space    used 7479K, committed 8128K, reserved 1048576K
}
Event: 19.426 GC heap before
{Heap before GC invocations=544 (full 3):
 PSYoungGen      total 3072K, used 3008K [0x00000000d5580000, 0x00000000d5980000, 0x0000000100000000)
  eden space 2560K, 100% used [0x00000000d5580000,0x00000000d5800000,0x00000000d5800000)
  from space 512K, 87% used [0x00000000d5900000,0x00000000d5970000,0x00000000d5980000)
  to   space 512K, 0% used [0x00000000d5880000,0x00000000d5880000,0x00000000d5900000)
 ParOldGen       total 485888K, used 485817K [0x0000000080000000, 0x000000009da80000, 0x00000000d5580000)
  object space 485888K, 99% used [0x0000000080000000,0x000000009da6e658,0x000000009da80000)
 Metaspace       used 69818K, committed 71296K, reserved 1114112K
  class space    used 7479K, committed 8128K, reserved 1048576K
}
Event: 19.427 GC heap after
{Heap after GC invocations=544 (full 3):
 PSYoungGen      total 3072K, used 512K [0x00000000d5580000, 0x00000000d5a00000, 0x0000000100000000)
  eden space 2560K, 0% used [0x00000000d5580000,0x00000000d5580000,0x00000000d5800000)
  from space 512K, 100% used [0x00000000d5880000,0x00000000d5900000,0x00000000d5900000)
  to   space 1024K, 0% used [0x00000000d5900000,0x00000000d5900000,0x00000000d5a00000)
 ParOldGen       total 486400K, used 486161K [0x0000000080000000, 0x000000009db00000, 0x00000000d5580000)
  object space 486400K, 99% used [0x0000000080000000,0x000000009dac4658,0x000000009db00000)
 Metaspace       used 69818K, committed 71296K, reserved 1114112K
  class space    used 7479K, committed 8128K, reserved 1048576K
}
Event: 19.436 GC heap before
{Heap before GC invocations=545 (full 3):
 PSYoungGen      total 3072K, used 3072K [0x00000000d5580000, 0x00000000d5a00000, 0x0000000100000000)
  eden space 2560K, 100% used [0x00000000d5580000,0x00000000d5800000,0x00000000d5800000)
  from space 512K, 100% used [0x00000000d5880000,0x00000000d5900000,0x00000000d5900000)
  to   space 1024K, 0% used [0x00000000d5900000,0x00000000d5900000,0x00000000d5a00000)
 ParOldGen       total 486400K, used 486161K [0x0000000080000000, 0x000000009db00000, 0x00000000d5580000)
  object space 486400K, 99% used [0x0000000080000000,0x000000009dac4658,0x000000009db00000)
 Metaspace       used 69818K, committed 71296K, reserved 1114112K
  class space    used 7479K, committed 8128K, reserved 1048576K
}
Event: 19.438 GC heap after
{Heap after GC invocations=545 (full 3):
 PSYoungGen      total 3584K, used 524K [0x00000000d5580000, 0x00000000d5a00000, 0x0000000100000000)
  eden space 2560K, 0% used [0x00000000d5580000,0x00000000d5580000,0x00000000d5800000)
  from space 1024K, 51% used [0x00000000d5900000,0x00000000d5983008,0x00000000d5a00000)
  to   space 1024K, 0% used [0x00000000d5800000,0x00000000d5800000,0x00000000d5900000)
 ParOldGen       total 486912K, used 486513K [0x0000000080000000, 0x000000009db80000, 0x00000000d5580000)
  object space 486912K, 99% used [0x0000000080000000,0x000000009db1c658,0x000000009db80000)
 Metaspace       used 69818K, committed 71296K, reserved 1114112K
  class space    used 7479K, committed 8128K, reserved 1048576K
}
Event: 19.445 GC heap before
{Heap before GC invocations=546 (full 3):
 PSYoungGen      total 3584K, used 3084K [0x00000000d5580000, 0x00000000d5a00000, 0x0000000100000000)
  eden space 2560K, 100% used [0x00000000d5580000,0x00000000d5800000,0x00000000d5800000)
  from space 1024K, 51% used [0x00000000d5900000,0x00000000d5983008,0x00000000d5a00000)
  to   space 1024K, 0% used [0x00000000d5800000,0x00000000d5800000,0x00000000d5900000)
 ParOldGen       total 486912K, used 486513K [0x0000000080000000, 0x000000009db80000, 0x00000000d5580000)
  object space 486912K, 99% used [0x0000000080000000,0x000000009db1c658,0x000000009db80000)
 Metaspace       used 69818K, committed 71296K, reserved 1114112K
  class space    used 7479K, committed 8128K, reserved 1048576K
}
Event: 19.446 GC heap after
{Heap after GC invocations=546 (full 3):
 PSYoungGen      total 3584K, used 448K [0x00000000d5580000, 0x00000000d5980000, 0x0000000100000000)
  eden space 2560K, 0% used [0x00000000d5580000,0x00000000d5580000,0x00000000d5800000)
  from space 1024K, 43% used [0x00000000d5800000,0x00000000d5870000,0x00000000d5900000)
  to   space 512K, 0% used [0x00000000d5900000,0x00000000d5900000,0x00000000d5980000)
 ParOldGen       total 487424K, used 486949K [0x0000000080000000, 0x000000009dc00000, 0x00000000d5580000)
  object space 487424K, 99% used [0x0000000080000000,0x000000009db89660,0x000000009dc00000)
 Metaspace       used 69818K, committed 71296K, reserved 1114112K
  class space    used 7479K, committed 8128K, reserved 1048576K
}
Event: 19.453 GC heap before
{Heap before GC invocations=547 (full 3):
 PSYoungGen      total 3584K, used 3007K [0x00000000d5580000, 0x00000000d5980000, 0x0000000100000000)
  eden space 2560K, 99% used [0x00000000d5580000,0x00000000d57ffcf0,0x00000000d5800000)
  from space 1024K, 43% used [0x00000000d5800000,0x00000000d5870000,0x00000000d5900000)
  to   space 512K, 0% used [0x00000000d5900000,0x00000000d5900000,0x00000000d5980000)
 ParOldGen       total 487424K, used 486949K [0x0000000080000000, 0x000000009dc00000, 0x00000000d5580000)
  object space 487424K, 99% used [0x0000000080000000,0x000000009db89660,0x000000009dc00000)
 Metaspace       used 69818K, committed 71296K, reserved 1114112K
  class space    used 7479K, committed 8128K, reserved 1048576K
}
Event: 19.454 GC heap after
{Heap after GC invocations=547 (full 3):
 PSYoungGen      total 3072K, used 487K [0x00000000d5580000, 0x00000000d5980000, 0x0000000100000000)
  eden space 2560K, 0% used [0x00000000d5580000,0x00000000d5580000,0x00000000d5800000)
  from space 512K, 95% used [0x00000000d5900000,0x00000000d5979f20,0x00000000d5980000)
  to   space 512K, 0% used [0x00000000d5880000,0x00000000d5880000,0x00000000d5900000)
 ParOldGen       total 487424K, used 487285K [0x0000000080000000, 0x000000009dc00000, 0x00000000d5580000)
  object space 487424K, 99% used [0x0000000080000000,0x000000009dbdd660,0x000000009dc00000)
 Metaspace       used 69818K, committed 71296K, reserved 1114112K
  class space    used 7479K, committed 8128K, reserved 1048576K
}
Event: 19.460 GC heap before
{Heap before GC invocations=548 (full 3):
 PSYoungGen      total 3072K, used 3047K [0x00000000d5580000, 0x00000000d5980000, 0x0000000100000000)
  eden space 2560K, 100% used [0x00000000d5580000,0x00000000d5800000,0x00000000d5800000)
  from space 512K, 95% used [0x00000000d5900000,0x00000000d5979f20,0x00000000d5980000)
  to   space 512K, 0% used [0x00000000d5880000,0x00000000d5880000,0x00000000d5900000)
 ParOldGen       total 487424K, used 487285K [0x0000000080000000, 0x000000009dc00000, 0x00000000d5580000)
  object space 487424K, 99% used [0x0000000080000000,0x000000009dbdd660,0x000000009dc00000)
 Metaspace       used 69818K, committed 71296K, reserved 1114112K
  class space    used 7479K, committed 8128K, reserved 1048576K
}
Event: 19.462 GC heap after
{Heap after GC invocations=548 (full 3):
 PSYoungGen      total 3072K, used 352K [0x00000000d5580000, 0x00000000d5980000, 0x0000000100000000)
  eden space 2560K, 0% used [0x00000000d5580000,0x00000000d5580000,0x00000000d5800000)
  from space 512K, 68% used [0x00000000d5880000,0x00000000d58d8000,0x00000000d5900000)
  to   space 512K, 0% used [0x00000000d5900000,0x00000000d5900000,0x00000000d5980000)
 ParOldGen       total 487936K, used 487565K [0x0000000080000000, 0x000000009dc80000, 0x00000000d5580000)
  object space 487936K, 99% used [0x0000000080000000,0x000000009dc23660,0x000000009dc80000)
 Metaspace       used 69818K, committed 71296K, reserved 1114112K
  class space    used 7479K, committed 8128K, reserved 1048576K
}
Event: 19.485 GC heap before
{Heap before GC invocations=549 (full 3):
 PSYoungGen      total 3072K, used 2902K [0x00000000d5580000, 0x00000000d5980000, 0x0000000100000000)
  eden space 2560K, 99% used [0x00000000d5580000,0x00000000d57fd9d0,0x00000000d5800000)
  from space 512K, 68% used [0x00000000d5880000,0x00000000d58d8000,0x00000000d5900000)
  to   space 512K, 0% used [0x00000000d5900000,0x00000000d5900000,0x00000000d5980000)
 ParOldGen       total 487936K, used 487565K [0x0000000080000000, 0x000000009dc80000, 0x00000000d5580000)
  object space 487936K, 99% used [0x0000000080000000,0x000000009dc23660,0x000000009dc80000)
 Metaspace       used 69818K, committed 71296K, reserved 1114112K
  class space    used 7479K, committed 8128K, reserved 1048576K
}
Event: 19.486 GC heap after
{Heap after GC invocations=549 (full 3):
 PSYoungGen      total 3072K, used 349K [0x00000000d5580000, 0x00000000d5980000, 0x0000000100000000)
  eden space 2560K, 0% used [0x00000000d5580000,0x00000000d5580000,0x00000000d5800000)
  from space 512K, 68% used [0x00000000d5900000,0x00000000d5957728,0x00000000d5980000)
  to   space 512K, 0% used [0x00000000d5880000,0x00000000d5880000,0x00000000d5900000)
 ParOldGen       total 487936K, used 487861K [0x0000000080000000, 0x000000009dc80000, 0x00000000d5580000)
  object space 487936K, 99% used [0x0000000080000000,0x000000009dc6d660,0x000000009dc80000)
 Metaspace       used 69818K, committed 71296K, reserved 1114112K
  class space    used 7479K, committed 8128K, reserved 1048576K
}
Event: 19.491 GC heap before
{Heap before GC invocations=550 (full 3):
 PSYoungGen      total 3072K, used 2909K [0x00000000d5580000, 0x00000000d5980000, 0x0000000100000000)
  eden space 2560K, 100% used [0x00000000d5580000,0x00000000d5800000,0x00000000d5800000)
  from space 512K, 68% used [0x00000000d5900000,0x00000000d5957728,0x00000000d5980000)
  to   space 512K, 0% used [0x00000000d5880000,0x00000000d5880000,0x00000000d5900000)
 ParOldGen       total 487936K, used 487861K [0x0000000080000000, 0x000000009dc80000, 0x00000000d5580000)
  object space 487936K, 99% used [0x0000000080000000,0x000000009dc6d660,0x000000009dc80000)
 Metaspace       used 69818K, committed 71296K, reserved 1114112K
  class space    used 7479K, committed 8128K, reserved 1048576K
}
Event: 19.492 GC heap after
{Heap after GC invocations=550 (full 3):
 PSYoungGen      total 3072K, used 384K [0x00000000d5580000, 0x00000000d5980000, 0x0000000100000000)
  eden space 2560K, 0% used [0x00000000d5580000,0x00000000d5580000,0x00000000d5800000)
  from space 512K, 75% used [0x00000000d5880000,0x00000000d58e0000,0x00000000d5900000)
  to   space 512K, 0% used [0x00000000d5900000,0x00000000d5900000,0x00000000d5980000)
 ParOldGen       total 488448K, used 488070K [0x0000000080000000, 0x000000009dd00000, 0x00000000d5580000)
  object space 488448K, 99% used [0x0000000080000000,0x000000009dca1b40,0x000000009dd00000)
 Metaspace       used 69818K, committed 71296K, reserved 1114112K
  class space    used 7479K, committed 8128K, reserved 1048576K
}
Event: 19.498 GC heap before
{Heap before GC invocations=551 (full 3):
 PSYoungGen      total 3072K, used 2944K [0x00000000d5580000, 0x00000000d5980000, 0x0000000100000000)
  eden space 2560K, 100% used [0x00000000d5580000,0x00000000d5800000,0x00000000d5800000)
  from space 512K, 75% used [0x00000000d5880000,0x00000000d58e0000,0x00000000d5900000)
  to   space 512K, 0% used [0x00000000d5900000,0x00000000d5900000,0x00000000d5980000)
 ParOldGen       total 488448K, used 488070K [0x0000000080000000, 0x000000009dd00000, 0x00000000d5580000)
  object space 488448K, 99% used [0x0000000080000000,0x000000009dca1b40,0x000000009dd00000)
 Metaspace       used 69818K, committed 71296K, reserved 1114112K
  class space    used 7479K, committed 8128K, reserved 1048576K
}
Event: 19.499 GC heap after
{Heap after GC invocations=551 (full 3):
 PSYoungGen      total 2560K, used 482K [0x00000000d5580000, 0x00000000d5b00000, 0x0000000100000000)
  eden space 2048K, 0% used [0x00000000d5580000,0x00000000d5580000,0x00000000d5780000)
  from space 512K, 94% used [0x00000000d5900000,0x00000000d5978b40,0x00000000d5980000)
  to   space 1536K, 0% used [0x00000000d5780000,0x00000000d5780000,0x00000000d5900000)
 ParOldGen       total 488960K, used 488566K [0x0000000080000000, 0x000000009dd80000, 0x00000000d5580000)
  object space 488960K, 99% used [0x0000000080000000,0x000000009dd1db40,0x000000009dd80000)
 Metaspace       used 69818K, committed 71296K, reserved 1114112K
  class space    used 7479K, committed 8128K, reserved 1048576K
}
Event: 19.506 GC heap before
{Heap before GC invocations=552 (full 3):
 PSYoungGen      total 2560K, used 2530K [0x00000000d5580000, 0x00000000d5b00000, 0x0000000100000000)
  eden space 2048K, 100% used [0x00000000d5580000,0x00000000d5780000,0x00000000d5780000)
  from space 512K, 94% used [0x00000000d5900000,0x00000000d5978b40,0x00000000d5980000)
  to   space 1536K, 0% used [0x00000000d5780000,0x00000000d5780000,0x00000000d5900000)
 ParOldGen       total 488960K, used 488566K [0x0000000080000000, 0x000000009dd80000, 0x00000000d5580000)
  object space 488960K, 99% used [0x0000000080000000,0x000000009dd1db40,0x000000009dd80000)
 Metaspace       used 69819K, committed 71296K, reserved 1114112K
  class space    used 7479K, committed 8128K, reserved 1048576K
}

